#
# A fatal error has been detected by the Java Runtime Environment:
#
#  SIGSEGV (0xb) at pc=0x0000000115477f56, pid=10415, tid=0x0000000000010407
#
# JRE version: Java(TM) SE Runtime Environment (8.0_201-b09) (build 1.8.0_201-b09)
# Java VM: Java HotSpot(TM) 64-Bit Server VM (25.201-b09 mixed mode bsd-amd64 compressed oops)
# Problematic frame:
# J 13528 C2 org.apache.spark.sql.execution.aggregate.AggregationIterator$$anonfun$generateProcessRow$1.apply(Lorg/apache/spark/sql/catalyst/InternalRow;Lorg/apache/spark/sql/catalyst/InternalRow;)V (54 bytes) @ 0x0000000115477f56 [0x0000000115477ae0+0x476]
#
# Failed to write core dump. Core dumps have been disabled. To enable core dumping, try "ulimit -c unlimited" before starting Java again
#
# If you would like to submit a bug report, please visit:
#   http://bugreport.java.com/bugreport/crash.jsp
#

---------------  T H R E A D  ---------------

Current thread (0x00007fb0528b0000):  JavaThread "Executor task launch worker for task 271" daemon [_thread_in_Java, id=66567, stack(0x0000700012d8e000,0x0000700012e8e000)]

siginfo: si_signo: 11 (SIGSEGV), si_code: 1 (SEGV_MAPERR), si_addr: 0x0000000756cebb54

Registers:
RAX=0x00000000fa8bfe90, RBX=0x0000000000000002, RCX=0x00000000f5f7adfb, RDX=0xffffffffd45ff480
RSP=0x0000700012e8cb30, RBP=0x00000007afbd6fd8, RSI=0x00000007afbc4408, RDI=0x00000007afc1f8e0
R8 =0x00000000c977f197, R9 =0x00000000fa8bfe90, R10=0x00000007826ec6b8, R11=0xffffffffd45ff49c
R12=0x0000000000000000, R13=0x0000000115477b8c, R14=0x0000700012e8cb20, R15=0x00007fb0528b0000
RIP=0x0000000115477f56, EFLAGS=0x0000000000010286, ERR=0x0000000000000004
  TRAPNO=0x000000000000000e

Top of Stack: (sp=0x0000700012e8cb30)
0x0000700012e8cb30:   00000007afbea968 00000007c0805f00
0x0000700012e8cb40:   0000000000000001 00000006f5f7adfb
0x0000700012e8cb50:   00000007afc1f8e0 00000007afbc43c0
0x0000700012e8cb60:   0000000700000000 00000007afbc43c0
0x0000700012e8cb70:   0000700012e8cba0 00000007afbd6150
0x0000700012e8cb80:   00000001155498a4 00000007afbf9b28
0x0000700012e8cb90:   00000007afbd6150 0000000115549ac4
0x0000700012e8cba0:   00000007afbd6150 00000007c0b24f08
0x0000700012e8cbb0:   00000007afc1f8e0 00000007c00294f0
0x0000700012e8cbc0:   00000007afbc4368 f5f78893f5f7889a
0x0000700012e8cbd0:   f0273b90f5f788b5 00000007afbc4500
0x0000700012e8cbe0:   0000000128c4d9b8 0000000000000000
0x0000700012e8cbf0:   0000700012e8cc08 0000700012e8cc70
0x0000700012e8cc00:   0000700012e8cc70 00000001149332bd
0x0000700012e8cc10:   0000000114933040 00000001149332bd
0x0000700012e8cc20:   00000007b00aca08 00000007afbd6150
0x0000700012e8cc30:   0000700012e8cc30 0000000128c0eaac
0x0000700012e8cc40:   0000700012e8ccf0 0000000128c29828
0x0000700012e8cc50:   0000000000000000 0000000128c0ebf0
0x0000700012e8cc60:   0000700012e8cc20 0000700012e8cc80
0x0000700012e8cc70:   0000700012e8cd40 00000001149332bd
0x0000700012e8cc80:   00000007aba3e028 00000007aba3d4b8
0x0000700012e8cc90:   00000007aba3db50 00000007aba3de00
0x0000700012e8cca0:   0000000780028e20 00000007afbc4368
0x0000700012e8ccb0:   00000007aba1e618 00000007afbd61e8
0x0000700012e8ccc0:   00000007800a45e0 0000000000000000
0x0000700012e8ccd0:   00000007aba38790 00000007aba388f8
0x0000700012e8cce0:   00000007800a45e0 0000000000000000
0x0000700012e8ccf0:   00000007afbd6150 00000007afbd6150
0x0000700012e8cd00:   0000700012e8cd00 0000000128c080ae
0x0000700012e8cd10:   0000700012e8cd88 0000000128c084d0
0x0000700012e8cd20:   0000000000000000 0000000128c08180 

Instructions: (pc=0x0000000115477f56)
0x0000000115477f36:   00 48 8b 7c 24 20 44 8b 57 20 4c 63 5f 1c 4c 03
0x0000000115477f46:   5f 10 49 63 d1 49 c1 e2 03 48 c1 e2 03 4c 03 da
0x0000000115477f56:   4b 8b 2c 1a 49 ba 88 f8 de be 07 00 00 00 45 8b
0x0000000115477f66:   52 68 4b 8b 74 d4 10 43 0f af 44 d4 1c 45 8b d8 

Register to memory mapping:

RAX=0x00000000fa8bfe90 is an unknown value
RBX=0x0000000000000002 is an unknown value
RCX=0x00000000f5f7adfb is an unknown value
RDX=0xffffffffd45ff480 is an unknown value
RSP=0x0000700012e8cb30 is pointing into the stack for thread: 0x00007fb0528b0000
RBP=0x00000007afbd6fd8 is an oop
org.apache.spark.sql.catalyst.util.HyperLogLogPlusPlusHelper 
 - klass: 'org/apache/spark/sql/catalyst/util/HyperLogLogPlusPlusHelper'
RSI=0x00000007afbc4408 is an oop
[B 
 - klass: {type array byte}
 - length: 80
RDI=0x00000007afc1f8e0 is an oop
org.apache.spark.sql.catalyst.expressions.UnsafeRow 
 - klass: 'org/apache/spark/sql/catalyst/expressions/UnsafeRow'
R8 =0x00000000c977f197 is an unknown value
R9 =0x00000000fa8bfe90 is an unknown value
R10=0x00000007826ec6b8 is an oop
[J 
 - klass: {type array long}
 - length: 524288
R11=0xffffffffd45ff49c is an unknown value
R12=0x0000000000000000 is an unknown value
R13=0x0000000115477b8c is at entry_point+172 in (nmethod*)0x00000001154778d0
R14=0x0000700012e8cb20 is pointing into the stack for thread: 0x00007fb0528b0000
R15=0x00007fb0528b0000 is a thread


Stack: [0x0000700012d8e000,0x0000700012e8e000],  sp=0x0000700012e8cb30,  free space=1018k
Native frames: (J=compiled Java code, j=interpreted, Vv=VM code, C=native code)
J 13528 C2 org.apache.spark.sql.execution.aggregate.AggregationIterator$$anonfun$generateProcessRow$1.apply(Lorg/apache/spark/sql/catalyst/InternalRow;Lorg/apache/spark/sql/catalyst/InternalRow;)V (54 bytes) @ 0x0000000115477f56 [0x0000000115477ae0+0x476]
J 13074 C2 org.apache.spark.sql.execution.aggregate.TungstenAggregationIterator.processInputs(Lscala/Tuple2;)V (264 bytes) @ 0x0000000115549ac4 [0x0000000115549820+0x2a4]
j  org.apache.spark.sql.execution.aggregate.TungstenAggregationIterator.<init>(ILscala/collection/Seq;Lscala/collection/Seq;Lscala/collection/Seq;ILscala/collection/Seq;Lscala/Function2;Lscala/collection/Seq;Lscala/collection/Iterator;Lscala/Option;Lorg/apache/spark/sql/execution/metric/SQLMetric;Lorg/apache/spark/sql/execution/metric/SQLMetric;Lorg/apache/spark/sql/execution/metric/SQLMetric;Lorg/apache/spark/sql/execution/metric/SQLMetric;)V+268
j  org.apache.spark.sql.execution.aggregate.HashAggregateExec$$anonfun$doExecute$1$$anonfun$4.apply(ILscala/collection/Iterator;)Lscala/collection/Iterator;+150
j  org.apache.spark.sql.execution.aggregate.HashAggregateExec$$anonfun$doExecute$1$$anonfun$4.apply(Ljava/lang/Object;Ljava/lang/Object;)Ljava/lang/Object;+9
j  org.apache.spark.rdd.RDD$$anonfun$mapPartitionsWithIndex$1$$anonfun$apply$25.apply(Lorg/apache/spark/TaskContext;ILscala/collection/Iterator;)Lscala/collection/Iterator;+9
j  org.apache.spark.rdd.RDD$$anonfun$mapPartitionsWithIndex$1$$anonfun$apply$25.apply(Ljava/lang/Object;Ljava/lang/Object;Ljava/lang/Object;)Ljava/lang/Object;+13
J 12439 C1 org.apache.spark.rdd.MapPartitionsRDD.compute(Lorg/apache/spark/Partition;Lorg/apache/spark/TaskContext;)Lscala/collection/Iterator; (36 bytes) @ 0x0000000116724e74 [0x0000000116724b60+0x314]
J 11426 C1 org.apache.spark.rdd.RDD.iterator(Lorg/apache/spark/Partition;Lorg/apache/spark/TaskContext;)Lscala/collection/Iterator; (46 bytes) @ 0x0000000116591a3c [0x0000000116590e60+0xbdc]
J 12439 C1 org.apache.spark.rdd.MapPartitionsRDD.compute(Lorg/apache/spark/Partition;Lorg/apache/spark/TaskContext;)Lscala/collection/Iterator; (36 bytes) @ 0x0000000116724e44 [0x0000000116724b60+0x2e4]
J 11426 C1 org.apache.spark.rdd.RDD.iterator(Lorg/apache/spark/Partition;Lorg/apache/spark/TaskContext;)Lscala/collection/Iterator; (46 bytes) @ 0x0000000116591a3c [0x0000000116590e60+0xbdc]
j  org.apache.spark.scheduler.ShuffleMapTask.runTask(Lorg/apache/spark/TaskContext;)Lorg/apache/spark/scheduler/MapStatus;+219
j  org.apache.spark.scheduler.ShuffleMapTask.runTask(Lorg/apache/spark/TaskContext;)Ljava/lang/Object;+2
j  org.apache.spark.scheduler.Task.run(JILorg/apache/spark/metrics/MetricsSystem;)Ljava/lang/Object;+210
j  org.apache.spark.executor.Executor$TaskRunner$$anonfun$10.apply()Ljava/lang/Object;+37
J 13300 C2 org.apache.spark.util.Utils$.tryWithSafeFinally(Lscala/Function0;Lscala/Function0;)Ljava/lang/Object; (182 bytes) @ 0x000000011646f148 [0x000000011646f100+0x48]
j  org.apache.spark.executor.Executor$TaskRunner.run()V+383
j  java.util.concurrent.ThreadPoolExecutor.runWorker(Ljava/util/concurrent/ThreadPoolExecutor$Worker;)V+95
j  java.util.concurrent.ThreadPoolExecutor$Worker.run()V+5
j  java.lang.Thread.run()V+11
v  ~StubRoutines::call_stub
V  [libjvm.dylib+0x2f0bea]
V  [libjvm.dylib+0x2f138e]
V  [libjvm.dylib+0x2f153a]
V  [libjvm.dylib+0x34be29]
V  [libjvm.dylib+0x570c33]
V  [libjvm.dylib+0x57232e]
V  [libjvm.dylib+0x48f3ca]
C  [libsystem_pthread.dylib+0x3661]  _pthread_body+0x154
C  [libsystem_pthread.dylib+0x350d]  _pthread_body+0x0
C  [libsystem_pthread.dylib+0x2bf9]  thread_start+0xd
C  0x0000000000000000


---------------  P R O C E S S  ---------------

Java Threads: ( => current thread )
  0x00007fb04eefd000 JavaThread "block-manager-ask-thread-pool-130" daemon [_thread_blocked, id=53771, stack(0x000070001786c000,0x000070001796c000)]
  0x00007fb04eefc800 JavaThread "block-manager-ask-thread-pool-129" daemon [_thread_blocked, id=76811, stack(0x0000700017769000,0x0000700017869000)]
  0x00007fb04ef1c000 JavaThread "block-manager-slave-async-thread-pool-137" daemon [_thread_blocked, id=53515, stack(0x0000700017666000,0x0000700017766000)]
  0x00007fb04fd9a000 JavaThread "block-manager-ask-thread-pool-128" daemon [_thread_blocked, id=77067, stack(0x0000700017563000,0x0000700017663000)]
  0x00007fb04fd99000 JavaThread "block-manager-slave-async-thread-pool-136" daemon [_thread_blocked, id=52747, stack(0x0000700017460000,0x0000700017560000)]
  0x00007fb050c14000 JavaThread "block-manager-slave-async-thread-pool-135" daemon [_thread_blocked, id=31247, stack(0x000070001735d000,0x000070001745d000)]
  0x00007fb052f83800 JavaThread "block-manager-slave-async-thread-pool-134" daemon [_thread_blocked, id=30991, stack(0x000070001725a000,0x000070001735a000)]
  0x00007fb050b42000 JavaThread "block-manager-slave-async-thread-pool-133" daemon [_thread_blocked, id=33559, stack(0x0000700017157000,0x0000700017257000)]
  0x00007fb050b41000 JavaThread "block-manager-ask-thread-pool-127" daemon [_thread_blocked, id=77579, stack(0x0000700017054000,0x0000700017154000)]
  0x00007fb050b40800 JavaThread "block-manager-slave-async-thread-pool-132" daemon [_thread_blocked, id=44303, stack(0x0000700016f51000,0x0000700017051000)]
  0x00007fb0508a9800 JavaThread "block-manager-ask-thread-pool-126" daemon [_thread_blocked, id=68363, stack(0x00007000145d6000,0x00007000146d6000)]
  0x00007fb0508a8000 JavaThread "block-manager-ask-thread-pool-125" daemon [_thread_blocked, id=67083, stack(0x00007000144d3000,0x00007000145d3000)]
  0x00007fb0508a7800 JavaThread "block-manager-ask-thread-pool-124" daemon [_thread_blocked, id=73995, stack(0x00007000143d0000,0x00007000144d0000)]
  0x00007fb0508a6800 JavaThread "block-manager-slave-async-thread-pool-131" daemon [_thread_blocked, id=58123, stack(0x00007000142cd000,0x00007000143cd000)]
  0x00007fb04ef1b000 JavaThread "block-manager-slave-async-thread-pool-130" daemon [_thread_blocked, id=68875, stack(0x00007000141ca000,0x00007000142ca000)]
  0x00007fb0508a6000 JavaThread "block-manager-slave-async-thread-pool-129" daemon [_thread_blocked, id=68107, stack(0x00007000140c7000,0x00007000141c7000)]
  0x00007fb0508a5000 JavaThread "block-manager-ask-thread-pool-123" daemon [_thread_blocked, id=70155, stack(0x0000700013fc4000,0x00007000140c4000)]
  0x00007fb04fd97000 JavaThread "block-manager-ask-thread-pool-122" daemon [_thread_blocked, id=67851, stack(0x0000700013ec1000,0x0000700013fc1000)]
  0x00007fb04f2bd800 JavaThread "block-manager-ask-thread-pool-121" daemon [_thread_blocked, id=59659, stack(0x0000700013dbe000,0x0000700013ebe000)]
  0x00007fb0508a4800 JavaThread "block-manager-slave-async-thread-pool-128" daemon [_thread_blocked, id=57099, stack(0x0000700013cbb000,0x0000700013dbb000)]
  0x00007fb0508a3800 JavaThread "block-manager-slave-async-thread-pool-127" daemon [_thread_blocked, id=58635, stack(0x0000700013bb8000,0x0000700013cb8000)]
  0x00007fb04f4a9800 JavaThread "block-manager-slave-async-thread-pool-126" daemon [_thread_blocked, id=73227, stack(0x0000700013ab5000,0x0000700013bb5000)]
  0x00007fb0528b0800 JavaThread "block-manager-ask-thread-pool-120" daemon [_thread_blocked, id=67595, stack(0x00007000139b2000,0x0000700013ab2000)]
  0x00007fb0508a3000 JavaThread "block-manager-ask-thread-pool-119" daemon [_thread_blocked, id=58891, stack(0x00007000138af000,0x00007000139af000)]
  0x00007fb050e6d000 JavaThread "block-manager-ask-thread-pool-118" daemon [_thread_blocked, id=73739, stack(0x00007000136a9000,0x00007000137a9000)]
  0x00007fb050e6c000 JavaThread "block-manager-slave-async-thread-pool-125" daemon [_thread_blocked, id=72715, stack(0x00007000135a6000,0x00007000136a6000)]
  0x00007fb050e6b800 JavaThread "block-manager-slave-async-thread-pool-124" daemon [_thread_blocked, id=69387, stack(0x00007000134a3000,0x00007000135a3000)]
  0x00007fb051639800 JavaThread "block-manager-ask-thread-pool-117" daemon [_thread_blocked, id=72971, stack(0x00007000133a0000,0x00007000134a0000)]
  0x00007fb04fdc7800 JavaThread "block-manager-slave-async-thread-pool-123" daemon [_thread_blocked, id=72203, stack(0x000070001329d000,0x000070001339d000)]
  0x00007fb04fe3f000 JavaThread "block-manager-slave-async-thread-pool-122" daemon [_thread_blocked, id=69643, stack(0x000070001319a000,0x000070001329a000)]
  0x00007fb0509a2000 JavaThread "block-manager-ask-thread-pool-116" daemon [_thread_blocked, id=69899, stack(0x0000700013097000,0x0000700013197000)]
  0x00007fb04fdc7000 JavaThread "block-manager-slave-async-thread-pool-121" daemon [_thread_blocked, id=55819, stack(0x0000700012f94000,0x0000700013094000)]
  0x00007fb04fb50000 JavaThread "block-manager-slave-async-thread-pool-120" daemon [_thread_blocked, id=72459, stack(0x0000700012e91000,0x0000700012f91000)]
  0x00007fb0516a9000 JavaThread "block-manager-ask-thread-pool-115" daemon [_thread_blocked, id=66059, stack(0x0000700012c8b000,0x0000700012d8b000)]
=>0x00007fb0528b0000 JavaThread "Executor task launch worker for task 271" daemon [_thread_in_Java, id=66567, stack(0x0000700012d8e000,0x0000700012e8e000)]
  0x00007fb04e756000 JavaThread "Executor task launch worker for task 272" daemon [_thread_in_Java, id=66823, stack(0x0000700012b88000,0x0000700012c88000)]
  0x00007fb04e33a800 JavaThread "Executor task launch worker for task 274" daemon [_thread_in_Java, id=66311, stack(0x000070001287f000,0x000070001297f000)]
  0x00007fb050c5b800 JavaThread "Executor task launch worker for task 273" daemon [_thread_in_Java, id=60935, stack(0x0000700012679000,0x0000700012779000)]
  0x00007fb04f2bd000 JavaThread "task-result-getter-3" daemon [_thread_blocked, id=84739, stack(0x00007000137ac000,0x00007000138ac000)]
  0x00007fb051710000 JavaThread "task-result-getter-2" daemon [_thread_blocked, id=32259, stack(0x0000700012a85000,0x0000700012b85000)]
  0x00007fb04f721000 JavaThread "task-result-getter-1" daemon [_thread_blocked, id=32771, stack(0x0000700012982000,0x0000700012a82000)]
  0x00007fb051eee800 JavaThread "task-result-getter-0" daemon [_thread_blocked, id=33283, stack(0x000070001277c000,0x000070001287c000)]
  0x00007fb04e480000 JavaThread "org.apache.hadoop.fs.FileSystem$Statistics$StatisticsDataReferenceCleaner" daemon [_thread_blocked, id=4103, stack(0x0000700012576000,0x0000700012676000)]
  0x00007fb04f8b5800 JavaThread "spark-listener-group-streams" daemon [_thread_blocked, id=3847, stack(0x000070000ef51000,0x000070000f051000)]
  0x00007fb04fff7000 JavaThread "element-tracking-store-worker" daemon [_thread_blocked, id=34051, stack(0x0000700012473000,0x0000700012573000)]
  0x00007fb052a32800 JavaThread "spark-listener-group-executorManagement" daemon [_thread_blocked, id=29187, stack(0x0000700012370000,0x0000700012470000)]
  0x00007fb050b13800 JavaThread "spark-listener-group-appStatus" daemon [_thread_blocked, id=34307, stack(0x000070001226d000,0x000070001236d000)]
  0x00007fb04edf6800 JavaThread "context-cleaner-periodic-gc" daemon [_thread_blocked, id=34819, stack(0x000070001216a000,0x000070001226a000)]
  0x00007fb051469800 JavaThread "Spark Context Cleaner" daemon [_thread_blocked, id=35075, stack(0x0000700012067000,0x0000700012167000)]
  0x00007fb050e41000 JavaThread "shuffle-boss-6-1" daemon [_thread_in_native, id=35587, stack(0x0000700011f64000,0x0000700012064000)]
  0x00007fb051441800 JavaThread "driver-heartbeater" daemon [_thread_blocked, id=35843, stack(0x0000700011e61000,0x0000700011f61000)]
  0x00007fb050de9800 JavaThread "dag-scheduler-event-loop" daemon [_thread_blocked, id=36355, stack(0x0000700011d5e000,0x0000700011e5e000)]
  0x00007fb04e7d6800 JavaThread "netty-rpc-env-timeout" daemon [_thread_blocked, id=28163, stack(0x0000700011c5b000,0x0000700011d5b000)]
  0x00007fb0508b7000 JavaThread "Timer-1" daemon [_thread_blocked, id=27651, stack(0x0000700011b58000,0x0000700011c58000)]
  0x00007fb04eda8800 JavaThread "Timer-0" daemon [_thread_blocked, id=36867, stack(0x0000700011a55000,0x0000700011b55000)]
  0x00007fb04e57b000 JavaThread "heartbeat-receiver-event-loop-thread" daemon [_thread_blocked, id=27139, stack(0x0000700011952000,0x0000700011a52000)]
  0x00007fb04ecff800 JavaThread "SparkUI-37" daemon [_thread_blocked, id=37379, stack(0x000070001184f000,0x000070001194f000)]
  0x00007fb04ecfe800 JavaThread "SparkUI-36" daemon [_thread_blocked, id=37891, stack(0x000070001174c000,0x000070001184c000)]
  0x00007fb04ecfe000 JavaThread "SparkUI-35" daemon [_thread_blocked, id=38403, stack(0x0000700011649000,0x0000700011749000)]
  0x00007fb04e998800 JavaThread "SparkUI-34" daemon [_thread_blocked, id=38659, stack(0x0000700011546000,0x0000700011646000)]
  0x00007fb04f71b000 JavaThread "SparkUI-33" daemon [_thread_blocked, id=38915, stack(0x0000700011443000,0x0000700011543000)]
  0x00007fb05091c000 JavaThread "SparkUI-32-acceptor-0@4cade12-ServerConnector@a0d30fb{HTTP/1.1,[http/1.1]}{0.0.0.0:4040}" daemon [_thread_in_native, id=39427, stack(0x0000700011340000,0x0000700011440000)]
  0x00007fb04ed66000 JavaThread "SparkUI-31" daemon [_thread_in_native, id=39939, stack(0x000070001123d000,0x000070001133d000)]
  0x00007fb04e7f6800 JavaThread "SparkUI-30" daemon [_thread_in_native, id=26115, stack(0x000070001113a000,0x000070001123a000)]
  0x00007fb04ecf3800 JavaThread "refresh progress" daemon [_thread_blocked, id=40451, stack(0x0000700011037000,0x0000700011137000)]
  0x00007fb050848800 JavaThread "RemoteBlock-temp-file-clean-thread" daemon [_thread_blocked, id=25603, stack(0x0000700010f34000,0x0000700011034000)]
  0x00007fb04fd67800 JavaThread "map-output-dispatcher-7" daemon [_thread_blocked, id=25347, stack(0x0000700010e31000,0x0000700010f31000)]
  0x00007fb04fd66800 JavaThread "map-output-dispatcher-6" daemon [_thread_blocked, id=41219, stack(0x0000700010d2e000,0x0000700010e2e000)]
  0x00007fb04fc9d000 JavaThread "map-output-dispatcher-5" daemon [_thread_blocked, id=41731, stack(0x0000700010c2b000,0x0000700010d2b000)]
  0x00007fb04fc9c000 JavaThread "map-output-dispatcher-4" daemon [_thread_blocked, id=24835, stack(0x0000700010b28000,0x0000700010c28000)]
  0x00007fb050896000 JavaThread "map-output-dispatcher-3" daemon [_thread_blocked, id=24323, stack(0x0000700010a25000,0x0000700010b25000)]
  0x00007fb04f6a8000 JavaThread "map-output-dispatcher-2" daemon [_thread_blocked, id=24067, stack(0x0000700010922000,0x0000700010a22000)]
  0x00007fb04f6a7000 JavaThread "map-output-dispatcher-1" daemon [_thread_blocked, id=42499, stack(0x000070001081f000,0x000070001091f000)]
  0x00007fb04e997800 JavaThread "map-output-dispatcher-0" daemon [_thread_blocked, id=43011, stack(0x000070001071c000,0x000070001081c000)]
  0x00007fb04ecc9800 JavaThread "rpc-boss-3-1" daemon [_thread_in_native, id=23299, stack(0x0000700010619000,0x0000700010719000)]
  0x00007fb04e54a000 JavaThread "dispatcher-event-loop-3" daemon [_thread_blocked, id=22787, stack(0x0000700010516000,0x0000700010616000)]
  0x00007fb04f7f7000 JavaThread "dispatcher-event-loop-2" daemon [_thread_blocked, id=22275, stack(0x0000700010413000,0x0000700010513000)]
  0x00007fb04e549800 JavaThread "dispatcher-event-loop-1" daemon [_thread_blocked, id=22019, stack(0x0000700010310000,0x0000700010410000)]
  0x00007fb04e994800 JavaThread "dispatcher-event-loop-0" daemon [_thread_blocked, id=14595, stack(0x000070001020d000,0x000070001030d000)]
  0x00007fb04ed6f800 JavaThread "Thread-3" [_thread_blocked, id=14851, stack(0x000070001010a000,0x000070001020a000)]
  0x00007fb04e59f800 JavaThread "Thread-2" [_thread_in_native, id=15363, stack(0x0000700010007000,0x0000700010107000)]
  0x00007fb04e5b5800 JavaThread "pool-1-thread-1" [_thread_blocked, id=15623, stack(0x000070000ff04000,0x0000700010004000)]
  0x00007fb04f80f800 JavaThread "Service Thread" daemon [_thread_blocked, id=13571, stack(0x000070000fcfe000,0x000070000fdfe000)]
  0x00007fb04e80c000 JavaThread "C1 CompilerThread2" daemon [_thread_blocked, id=13059, stack(0x000070000fbfb000,0x000070000fcfb000)]
  0x00007fb04f806800 JavaThread "C2 CompilerThread1" daemon [_thread_in_native, id=17155, stack(0x000070000faf8000,0x000070000fbf8000)]
  0x00007fb04e801000 JavaThread "C2 CompilerThread0" daemon [_thread_in_native, id=12803, stack(0x000070000f9f5000,0x000070000faf5000)]
  0x00007fb04e032000 JavaThread "Signal Dispatcher" daemon [_thread_blocked, id=12299, stack(0x000070000f8f2000,0x000070000f9f2000)]
  0x00007fb04e80b000 JavaThread "Finalizer" daemon [_thread_blocked, id=20227, stack(0x000070000f7ef000,0x000070000f8ef000)]
  0x00007fb04e02e000 JavaThread "Reference Handler" daemon [_thread_blocked, id=20483, stack(0x000070000f6ec000,0x000070000f7ec000)]
  0x00007fb04e802000 JavaThread "main" [_thread_in_native, id=10243, stack(0x000070000f0da000,0x000070000f1da000)]

Other Threads:
  0x00007fb04e027800 VMThread [stack: 0x000070000f5e9000,0x000070000f6e9000] [id=20995]
  0x00007fb04e801800 WatcherThread [stack: 0x000070000fe01000,0x000070000ff01000] [id=16387]

VM state:not at safepoint (normal execution)

VM Mutex/Monitor currently owned by a thread: None

heap address: 0x0000000780000000, size: 1024 MB, Compressed Oops mode: Zero based, Oop shift amount: 3
Narrow klass base: 0x0000000000000000, Narrow klass shift: 3
Compressed class space size: 1073741824 Address: 0x00000007c0000000

Heap:
 PSYoungGen      total 327168K, used 105505K [0x00000007aab00000, 0x00000007c0000000, 0x00000007c0000000)
  eden space 308224K, 29% used [0x00000007aab00000,0x00000007b05239c8,0x00000007bd800000)
  from space 18944K, 69% used [0x00000007bed80000,0x00000007bfa64c58,0x00000007c0000000)
  to   space 20480K, 0% used [0x00000007bd800000,0x00000007bd800000,0x00000007bec00000)
 ParOldGen       total 128512K, used 61350K [0x0000000780000000, 0x0000000787d80000, 0x00000007aab00000)
  object space 128512K, 47% used [0x0000000780000000,0x0000000783be9a20,0x0000000787d80000)
 Metaspace       used 81999K, capacity 83012K, committed 83416K, reserved 1120256K
  class space    used 11892K, capacity 12198K, committed 12288K, reserved 1048576K

Card table byte_map: [0x000000010e579000,0x000000010e77a000] byte_map_base: 0x000000010a979000

Marking Bits: (ParMarkBitMap*) 0x000000010dafbe40
 Begin Bits: [0x000000010e8d0000, 0x000000010f8d0000)
 End Bits:   [0x000000010f8d0000, 0x00000001108d0000)

Polling page: 0x000000010c93e000

CodeCache: size=245760Kb used=33638Kb max_used=33935Kb free=212121Kb
 bounds [0x000000011492b000, 0x0000000116a8b000, 0x000000012392b000]
 total_blobs=11911 nmethods=11271 adapters=550
 compilation: enabled

Compilation events (10 events):
Event: 5686.157 Thread 0x00007fb04e80c000 13633       3       org.apache.spark.storage.RDDInfo$$anonfun$4::apply (17 bytes)
Event: 5686.157 Thread 0x00007fb04e801000 13647       4       org.codehaus.janino.Scanner::produce (145 bytes)
Event: 5686.157 Thread 0x00007fb04e80c000 nmethod 13633 0x0000000115419bd0 code [0x0000000115419d80, 0x000000011541a418]
Event: 5686.159 Thread 0x00007fb04e80c000 13636       3       org.apache.spark.storage.StorageLevel::org$apache$spark$storage$StorageLevel$$_deserialized_$eq (6 bytes)
Event: 5686.159 Thread 0x00007fb04e80c000 nmethod 13636 0x000000011512ae50 code [0x000000011512afa0, 0x000000011512b0f0]
Event: 5686.160 Thread 0x00007fb04e80c000 13634       3       org.apache.spark.storage.StorageLevel$$anonfun$readExternal$1::apply$mcV$sp (104 bytes)
Event: 5686.161 Thread 0x00007fb04e80c000 nmethod 13634 0x00000001155525d0 code [0x0000000115552780, 0x0000000115552df8]
Event: 5686.163 Thread 0x00007fb04e80c000 13648       3       org.codehaus.janino.util.iterator.ReverseListIterator::next (5 bytes)
Event: 5686.163 Thread 0x00007fb04e80c000 nmethod 13648 0x000000011580b790 code [0x000000011580b900, 0x000000011580bb88]
Event: 5686.167 Thread 0x00007fb04e80c000 13649       3       org.codehaus.janino.util.iterator.FilterListIterator::previous (10 bytes)

GC Heap History (10 events):
Event: 5404.621 GC heap before
{Heap before GC invocations=52 (full 6):
 PSYoungGen      total 332288K, used 609K [0x00000007aab00000, 0x00000007bfe00000, 0x00000007c0000000)
  eden space 318464K, 0% used [0x00000007aab00000,0x00000007aab00000,0x00000007be200000)
  from space 13824K, 4% used [0x00000007bf080000,0x00000007bf1186b0,0x00000007bfe00000)
  to   space 14336K, 0% used [0x00000007be200000,0x00000007be200000,0x00000007bf000000)
 ParOldGen       total 128512K, used 38985K [0x0000000780000000, 0x0000000787d80000, 0x00000007aab00000)
  object space 128512K, 30% used [0x0000000780000000,0x00000007826124b0,0x0000000787d80000)
 Metaspace       used 79476K, capacity 80508K, committed 80600K, reserved 1118208K
  class space    used 11707K, capacity 11991K, committed 12032K, reserved 1048576K
Event: 5405.025 GC heap after
Heap after GC invocations=52 (full 6):
 PSYoungGen      total 332288K, used 0K [0x00000007aab00000, 0x00000007bfe00000, 0x00000007c0000000)
  eden space 318464K, 0% used [0x00000007aab00000,0x00000007aab00000,0x00000007be200000)
  from space 13824K, 0% used [0x00000007bf080000,0x00000007bf080000,0x00000007bfe00000)
  to   space 14336K, 0% used [0x00000007be200000,0x00000007be200000,0x00000007bf000000)
 ParOldGen       total 128512K, used 36596K [0x0000000780000000, 0x0000000787d80000, 0x00000007aab00000)
  object space 128512K, 28% used [0x0000000780000000,0x00000007823bd358,0x0000000787d80000)
 Metaspace       used 79055K, capacity 79818K, committed 80600K, reserved 1118208K
  class space    used 11643K, capacity 11876K, committed 12032K, reserved 1048576K
}
Event: 5547.060 GC heap before
{Heap before GC invocations=53 (full 6):
 PSYoungGen      total 332288K, used 318464K [0x00000007aab00000, 0x00000007bfe00000, 0x00000007c0000000)
  eden space 318464K, 100% used [0x00000007aab00000,0x00000007be200000,0x00000007be200000)
  from space 13824K, 0% used [0x00000007bf080000,0x00000007bf080000,0x00000007bfe00000)
  to   space 14336K, 0% used [0x00000007be200000,0x00000007be200000,0x00000007bf000000)
 ParOldGen       total 128512K, used 36596K [0x0000000780000000, 0x0000000787d80000, 0x00000007aab00000)
  object space 128512K, 28% used [0x0000000780000000,0x00000007823bd358,0x0000000787d80000)
 Metaspace       used 80238K, capacity 81180K, committed 81752K, reserved 1118208K
  class space    used 11780K, capacity 12078K, committed 12160K, reserved 1048576K
Event: 5547.081 GC heap after
Heap after GC invocations=53 (full 6):
 PSYoungGen      total 332800K, used 14312K [0x00000007aab00000, 0x00000007c0000000, 0x00000007c0000000)
  eden space 318464K, 0% used [0x00000007aab00000,0x00000007aab00000,0x00000007be200000)
  from space 14336K, 99% used [0x00000007be200000,0x00000007beffa0b0,0x00000007bf000000)
  to   space 16384K, 0% used [0x00000007bf000000,0x00000007bf000000,0x00000007c0000000)
 ParOldGen       total 128512K, used 38629K [0x0000000780000000, 0x0000000787d80000, 0x00000007aab00000)
  object space 128512K, 30% used [0x0000000780000000,0x00000007825b9738,0x0000000787d80000)
 Metaspace       used 80238K, capacity 81180K, committed 81752K, reserved 1118208K
  class space    used 11780K, capacity 12078K, committed 12160K, reserved 1048576K
}
Event: 5548.223 GC heap before
{Heap before GC invocations=54 (full 6):
 PSYoungGen      total 332800K, used 332776K [0x00000007aab00000, 0x00000007c0000000, 0x00000007c0000000)
  eden space 318464K, 100% used [0x00000007aab00000,0x00000007be200000,0x00000007be200000)
  from space 14336K, 99% used [0x00000007be200000,0x00000007beffa0b0,0x00000007bf000000)
  to   space 16384K, 0% used [0x00000007bf000000,0x00000007bf000000,0x00000007c0000000)
 ParOldGen       total 128512K, used 38629K [0x0000000780000000, 0x0000000787d80000, 0x00000007aab00000)
  object space 128512K, 30% used [0x0000000780000000,0x00000007825b9738,0x0000000787d80000)
 Metaspace       used 80664K, capacity 81568K, committed 82008K, reserved 1120256K
  class space    used 11781K, capacity 12078K, committed 12160K, reserved 1048576K
Event: 5548.253 GC heap after
Heap after GC invocations=54 (full 6):
 PSYoungGen      total 324608K, used 14464K [0x00000007aab00000, 0x00000007c0000000, 0x00000007c0000000)
  eden space 308224K, 0% used [0x00000007aab00000,0x00000007aab00000,0x00000007bd800000)
  from space 16384K, 88% used [0x00000007bf000000,0x00000007bfe20070,0x00000007c0000000)
  to   space 20480K, 0% used [0x00000007bd800000,0x00000007bd800000,0x00000007bec00000)
 ParOldGen       total 128512K, used 48110K [0x0000000780000000, 0x0000000787d80000, 0x00000007aab00000)
  object space 128512K, 37% used [0x0000000780000000,0x0000000782efb9f0,0x0000000787d80000)
 Metaspace       used 80664K, capacity 81568K, committed 82008K, reserved 1120256K
  class space    used 11781K, capacity 12078K, committed 12160K, reserved 1048576K
}
Event: 5600.571 GC heap before
{Heap before GC invocations=55 (full 6):
 PSYoungGen      total 324608K, used 322688K [0x00000007aab00000, 0x00000007c0000000, 0x00000007c0000000)
  eden space 308224K, 100% used [0x00000007aab00000,0x00000007bd800000,0x00000007bd800000)
  from space 16384K, 88% used [0x00000007bf000000,0x00000007bfe20070,0x00000007c0000000)
  to   space 20480K, 0% used [0x00000007bd800000,0x00000007bd800000,0x00000007bec00000)
 ParOldGen       total 128512K, used 48110K [0x0000000780000000, 0x0000000787d80000, 0x00000007aab00000)
  object space 128512K, 37% used [0x0000000780000000,0x0000000782efb9f0,0x0000000787d80000)
 Metaspace       used 81594K, capacity 82630K, committed 83160K, reserved 1120256K
  class space    used 11874K, capacity 12169K, committed 12288K, reserved 1048576K
Event: 5600.588 GC heap after
Heap after GC invocations=55 (full 6):
 PSYoungGen      total 328704K, used 5825K [0x00000007aab00000, 0x00000007c0000000, 0x00000007c0000000)
  eden space 308224K, 0% used [0x00000007aab00000,0x00000007aab00000,0x00000007bd800000)
  from space 20480K, 28% used [0x00000007bd800000,0x00000007bddb04f8,0x00000007bec00000)
  to   space 18944K, 0% used [0x00000007bed80000,0x00000007bed80000,0x00000007c0000000)
 ParOldGen       total 128512K, used 61342K [0x0000000780000000, 0x0000000787d80000, 0x00000007aab00000)
  object space 128512K, 47% used [0x0000000780000000,0x0000000783be7a20,0x0000000787d80000)
 Metaspace       used 81594K, capacity 82630K, committed 83160K, reserved 1120256K
  class space    used 11874K, capacity 12169K, committed 12288K, reserved 1048576K
}
Event: 5651.758 GC heap before
{Heap before GC invocations=56 (full 6):
 PSYoungGen      total 328704K, used 314049K [0x00000007aab00000, 0x00000007c0000000, 0x00000007c0000000)
  eden space 308224K, 100% used [0x00000007aab00000,0x00000007bd800000,0x00000007bd800000)
  from space 20480K, 28% used [0x00000007bd800000,0x00000007bddb04f8,0x00000007bec00000)
  to   space 18944K, 0% used [0x00000007bed80000,0x00000007bed80000,0x00000007c0000000)
 ParOldGen       total 128512K, used 61342K [0x0000000780000000, 0x0000000787d80000, 0x00000007aab00000)
  object space 128512K, 47% used [0x0000000780000000,0x0000000783be7a20,0x0000000787d80000)
 Metaspace       used 81911K, capacity 82924K, committed 83160K, reserved 1120256K
  class space    used 11888K, capacity 12192K, committed 12288K, reserved 1048576K
Event: 5651.767 GC heap after
Heap after GC invocations=56 (full 6):
 PSYoungGen      total 327168K, used 13203K [0x00000007aab00000, 0x00000007c0000000, 0x00000007c0000000)
  eden space 308224K, 0% used [0x00000007aab00000,0x00000007aab00000,0x00000007bd800000)
  from space 18944K, 69% used [0x00000007bed80000,0x00000007bfa64c58,0x00000007c0000000)
  to   space 20480K, 0% used [0x00000007bd800000,0x00000007bd800000,0x00000007bec00000)
 ParOldGen       total 128512K, used 61350K [0x0000000780000000, 0x0000000787d80000, 0x00000007aab00000)
  object space 128512K, 47% used [0x0000000780000000,0x0000000783be9a20,0x0000000787d80000)
 Metaspace       used 81911K, capacity 82924K, committed 83160K, reserved 1120256K
  class space    used 11888K, capacity 12192K, committed 12288K, reserved 1048576K
}

Deoptimization events (10 events):
Event: 5647.696 Thread 0x00007fb050c5b800 Uncommon trap: reason=null_check action=make_not_entrant pc=0x0000000116a10958 method=org.apache.spark.sql.catalyst.expressions.GeneratedClass$SpecificMutableProjection.apply(Ljava/lang/Object;)Ljava/lang/Object; @ 1
Event: 5647.698 Thread 0x00007fb050c5b800 Uncommon trap: reason=class_check action=maybe_recompile pc=0x0000000114fb0390 method=org.apache.spark.sql.catalyst.expressions.SpecificInternalRow.update(ILjava/lang/Object;)V @ 19
Event: 5651.692 Thread 0x00007fb050c5b800 Uncommon trap: reason=bimorphic action=maybe_recompile pc=0x0000000116a23014 method=org.apache.spark.sql.execution.aggregate.AggregationIterator$$anonfun$generateProcessRow$1.apply(Lorg/apache/spark/sql/catalyst/InternalRow;Lorg/apache/spark/sql/catalyst/
Event: 5651.692 Thread 0x00007fb050c5b800 Uncommon trap: reason=bimorphic action=maybe_recompile pc=0x0000000116a23014 method=org.apache.spark.sql.execution.aggregate.AggregationIterator$$anonfun$generateProcessRow$1.apply(Lorg/apache/spark/sql/catalyst/InternalRow;Lorg/apache/spark/sql/catalyst/
Event: 5651.692 Thread 0x00007fb050c5b800 Uncommon trap: reason=bimorphic action=maybe_recompile pc=0x0000000116a23014 method=org.apache.spark.sql.execution.aggregate.AggregationIterator$$anonfun$generateProcessRow$1.apply(Lorg/apache/spark/sql/catalyst/InternalRow;Lorg/apache/spark/sql/catalyst/
Event: 5651.692 Thread 0x00007fb050c5b800 Uncommon trap: reason=bimorphic action=maybe_recompile pc=0x0000000116a23014 method=org.apache.spark.sql.execution.aggregate.AggregationIterator$$anonfun$generateProcessRow$1.apply(Lorg/apache/spark/sql/catalyst/InternalRow;Lorg/apache/spark/sql/catalyst/
Event: 5686.139 Thread 0x00007fb04e756000 Uncommon trap: reason=array_check action=maybe_recompile pc=0x0000000115927418 method=java.io.ObjectInputStream.readArray(Z)Ljava/lang/Object; @ 415
Event: 5686.140 Thread 0x00007fb04e33a800 Uncommon trap: reason=array_check action=maybe_recompile pc=0x0000000115927418 method=java.io.ObjectInputStream.readArray(Z)Ljava/lang/Object; @ 415
Event: 5686.140 Thread 0x00007fb0528b0000 Uncommon trap: reason=array_check action=maybe_recompile pc=0x0000000115927418 method=java.io.ObjectInputStream.readArray(Z)Ljava/lang/Object; @ 415
Event: 5686.140 Thread 0x00007fb050c5b800 Uncommon trap: reason=array_check action=maybe_recompile pc=0x0000000115927418 method=java.io.ObjectInputStream.readArray(Z)Ljava/lang/Object; @ 415

Classes redefined (0 events):
No events

Internal exceptions (10 events):
Event: 5545.985 Thread 0x00007fb04ed6f800 Exception <a 'java/lang/NoSuchMethodError': <clinit>> (0x00000007b2129248) thrown at [/Users/java_re/workspace/8-2-build-macosx-x86_64/jdk8u201/12322/hotspot/src/share/vm/prims/jni.cpp, line 1613]
Event: 5546.002 Thread 0x00007fb050de9800 Exception <a 'java/lang/NoSuchMethodError': <clinit>> (0x00000007b24575e8) thrown at [/Users/java_re/workspace/8-2-build-macosx-x86_64/jdk8u201/12322/hotspot/src/share/vm/prims/jni.cpp, line 1613]
Event: 5582.539 Thread 0x00007fb04ed6f800 Exception <a 'java/lang/NoSuchMethodError': <clinit>> (0x00000007b154d9b8) thrown at [/Users/java_re/workspace/8-2-build-macosx-x86_64/jdk8u201/12322/hotspot/src/share/vm/prims/jni.cpp, line 1613]
Event: 5582.540 Thread 0x00007fb04ed6f800 Exception <a 'java/lang/NoSuchMethodError': <clinit>> (0x00000007b1568a00) thrown at [/Users/java_re/workspace/8-2-build-macosx-x86_64/jdk8u201/12322/hotspot/src/share/vm/prims/jni.cpp, line 1613]
Event: 5582.572 Thread 0x00007fb04ed6f800 Exception <a 'java/lang/NoSuchMethodError': <clinit>> (0x00000007b2b3adc8) thrown at [/Users/java_re/workspace/8-2-build-macosx-x86_64/jdk8u201/12322/hotspot/src/share/vm/prims/jni.cpp, line 1613]
Event: 5582.573 Thread 0x00007fb04ed6f800 Exception <a 'java/lang/NoSuchMethodError': <clinit>> (0x00000007b2b68c48) thrown at [/Users/java_re/workspace/8-2-build-macosx-x86_64/jdk8u201/12322/hotspot/src/share/vm/prims/jni.cpp, line 1613]
Event: 5582.894 Thread 0x00007fb050c5b800 Implicit null exception at 0x0000000116862c8c to 0x0000000116862cc9
Event: 5594.270 Thread 0x00007fb04ed6f800 Exception <a 'java/lang/reflect/InvocationTargetException'> (0x00000007bd3113e8) thrown at [/Users/java_re/workspace/8-2-build-macosx-x86_64/jdk8u201/12322/hotspot/src/share/vm/runtime/reflection.cpp, line 1092]
Event: 5647.696 Thread 0x00007fb050c5b800 Implicit null exception at 0x0000000116a1090c to 0x0000000116a10949
Event: 5655.638 Thread 0x00007fb04ed6f800 Exception <a 'java/lang/reflect/InvocationTargetException'> (0x00000007abb84cc0) thrown at [/Users/java_re/workspace/8-2-build-macosx-x86_64/jdk8u201/12322/hotspot/src/share/vm/runtime/reflection.cpp, line 1092]

Events (10 events):
Event: 5686.163 loading class org/apache/spark/sql/catalyst/expressions/GeneratedClass$SpecificUnsafeRowJoiner
Event: 5686.163 loading class org/apache/spark/sql/catalyst/expressions/GeneratedClass$SpecificUnsafeRowJoiner done
Event: 5686.163 Thread 0x00007fb04e80c000 flushing nmethod 0x00000001160e5510
Event: 5686.164 Thread 0x00007fb04e80c000 flushing nmethod 0x0000000116216850
Event: 5686.164 Thread 0x00007fb04e80c000 flushing nmethod 0x0000000116218350
Event: 5686.164 Thread 0x00007fb04e80c000 flushing nmethod 0x0000000116218690
Event: 5686.164 Thread 0x00007fb04e80c000 flushing nmethod 0x00000001162189d0
Event: 5686.164 Thread 0x00007fb04e80c000 flushing nmethod 0x0000000116218d10
Event: 5686.164 Thread 0x00007fb04e80c000 flushing nmethod 0x0000000116219050
Event: 5686.167 Thread 0x00007fb04e80c000 flushing nmethod 0x00000001164092d0


Dynamic libraries:
0x00007fff395af000 	/System/Library/Frameworks/Cocoa.framework/Versions/A/Cocoa
0x00007fff45bcc000 	/System/Library/Frameworks/Security.framework/Versions/A/Security
0x00007fff381f0000 	/System/Library/Frameworks/ApplicationServices.framework/Versions/A/ApplicationServices
0x00007fff61af7000 	/usr/lib/libz.1.dylib
0x00007fff5fa28000 	/usr/lib/libSystem.B.dylib
0x00007fff610e1000 	/usr/lib/libobjc.A.dylib
0x00007fff39d62000 	/System/Library/Frameworks/CoreFoundation.framework/Versions/A/CoreFoundation
0x00007fff3bec5000 	/System/Library/Frameworks/Foundation.framework/Versions/C/Foundation
0x00007fff37340000 	/System/Library/Frameworks/AppKit.framework/Versions/C/AppKit
0x00007fff39927000 	/System/Library/Frameworks/CoreData.framework/Versions/A/CoreData
0x00007fff592e1000 	/System/Library/PrivateFrameworks/RemoteViewServices.framework/Versions/A/RemoteViewServices
0x00007fff5da5a000 	/System/Library/PrivateFrameworks/UIFoundation.framework/Versions/A/UIFoundation
0x00007fff4e0e2000 	/System/Library/PrivateFrameworks/DFRFoundation.framework/Versions/A/DFRFoundation
0x00007fff3e531000 	/System/Library/Frameworks/Metal.framework/Versions/A/Metal
0x00007fff4e27f000 	/System/Library/PrivateFrameworks/DesktopServicesPriv.framework/Versions/A/DesktopServicesPriv
0x00007fff6062e000 	/usr/lib/libenergytrace.dylib
0x00007fff5bac6000 	/System/Library/PrivateFrameworks/SkyLight.framework/Versions/A/SkyLight
0x00007fff3a206000 	/System/Library/Frameworks/CoreGraphics.framework/Versions/A/CoreGraphics
0x00007fff5fa23000 	/usr/lib/libScreenReader.dylib
0x00007fff362da000 	/System/Library/Frameworks/Accelerate.framework/Versions/A/Accelerate
0x00007fff3c63f000 	/System/Library/Frameworks/IOSurface.framework/Versions/A/IOSurface
0x00007fff3873a000 	/System/Library/Frameworks/AudioToolbox.framework/Versions/A/AudioToolbox
0x00007fff389ca000 	/System/Library/Frameworks/AudioUnit.framework/Versions/A/AudioUnit
0x00007fff4e17a000 	/System/Library/PrivateFrameworks/DataDetectorsCore.framework/Versions/A/DataDetectorsCore
0x00007fff390a2000 	/System/Library/Frameworks/Carbon.framework/Versions/A/Frameworks/HIToolbox.framework/Versions/A/HIToolbox
0x00007fff60788000 	/usr/lib/libicucore.A.dylib
0x00007fff45149000 	/System/Library/Frameworks/QuartzCore.framework/Versions/A/QuartzCore
0x00007fff5ad68000 	/System/Library/PrivateFrameworks/SignpostNotification.framework/Versions/A/SignpostNotification
0x00007fff39488000 	/System/Library/Frameworks/Carbon.framework/Versions/A/Frameworks/SpeechRecognition.framework/Versions/A/SpeechRecognition
0x00007fff5fb84000 	/usr/lib/libauto.dylib
0x00007fff619e6000 	/usr/lib/libxml2.2.dylib
0x00007fff4dd32000 	/System/Library/PrivateFrameworks/CoreUI.framework/Versions/A/CoreUI
0x00007fff39803000 	/System/Library/Frameworks/CoreAudio.framework/Versions/A/CoreAudio
0x00007fff3bcff000 	/System/Library/Frameworks/DiskArbitration.framework/Versions/A/DiskArbitration
0x00007fff609fc000 	/usr/lib/liblangid.dylib
0x00007fff557e8000 	/System/Library/PrivateFrameworks/MultitouchSupport.framework/Versions/A/MultitouchSupport
0x00007fff3c5a2000 	/System/Library/Frameworks/IOKit.framework/Versions/A/IOKit
0x00007fff5f6b2000 	/usr/lib/libDiagnosticMessagesClient.dylib
0x00007fff3aedc000 	/System/Library/Frameworks/CoreServices.framework/Versions/A/CoreServices
0x00007fff5731d000 	/System/Library/PrivateFrameworks/PerformanceAnalysis.framework/Versions/A/PerformanceAnalysis
0x00007fff442eb000 	/System/Library/Frameworks/OpenGL.framework/Versions/A/OpenGL
0x00007fff395bd000 	/System/Library/Frameworks/ColorSync.framework/Versions/A/ColorSync
0x00007fff3a818000 	/System/Library/Frameworks/CoreImage.framework/Versions/A/CoreImage
0x00007fff3b86d000 	/System/Library/Frameworks/CoreText.framework/Versions/A/CoreText
0x00007fff3c69d000 	/System/Library/Frameworks/ImageIO.framework/Versions/A/ImageIO
0x00007fff4a9de000 	/System/Library/PrivateFrameworks/Backup.framework/Versions/A/Backup
0x00007fff5fad4000 	/usr/lib/libarchive.2.dylib
0x00007fff38ced000 	/System/Library/Frameworks/CFNetwork.framework/Versions/A/CFNetwork
0x00007fff4635f000 	/System/Library/Frameworks/SystemConfiguration.framework/Versions/A/SystemConfiguration
0x00007fff5f5db000 	/usr/lib/libCRFSuite.dylib
0x00007fff5fc5d000 	/usr/lib/libc++.1.dylib
0x00007fff5fcb4000 	/usr/lib/libc++abi.dylib
0x00007fff61ba5000 	/usr/lib/system/libcache.dylib
0x00007fff61baa000 	/usr/lib/system/libcommonCrypto.dylib
0x00007fff61bb5000 	/usr/lib/system/libcompiler_rt.dylib
0x00007fff61bbd000 	/usr/lib/system/libcopyfile.dylib
0x00007fff61bc7000 	/usr/lib/system/libcorecrypto.dylib
0x00007fff61cd4000 	/usr/lib/system/libdispatch.dylib
0x00007fff61d0e000 	/usr/lib/system/libdyld.dylib
0x00007fff61d2c000 	/usr/lib/system/libkeymgr.dylib
0x00007fff61d3a000 	/usr/lib/system/liblaunch.dylib
0x00007fff61d3b000 	/usr/lib/system/libmacho.dylib
0x00007fff61d40000 	/usr/lib/system/libquarantine.dylib
0x00007fff61d43000 	/usr/lib/system/libremovefile.dylib
0x00007fff61d45000 	/usr/lib/system/libsystem_asl.dylib
0x00007fff61d5d000 	/usr/lib/system/libsystem_blocks.dylib
0x00007fff61d5e000 	/usr/lib/system/libsystem_c.dylib
0x00007fff61de8000 	/usr/lib/system/libsystem_configuration.dylib
0x00007fff61dec000 	/usr/lib/system/libsystem_coreservices.dylib
0x00007fff61df0000 	/usr/lib/system/libsystem_darwin.dylib
0x00007fff61df2000 	/usr/lib/system/libsystem_dnssd.dylib
0x00007fff61df9000 	/usr/lib/system/libsystem_info.dylib
0x00007fff61e6a000 	/usr/lib/system/libsystem_m.dylib
0x00007fff61eb6000 	/usr/lib/system/libsystem_malloc.dylib
0x00007fff61ed6000 	/usr/lib/system/libsystem_network.dylib
0x00007fff62007000 	/usr/lib/system/libsystem_networkextension.dylib
0x00007fff62012000 	/usr/lib/system/libsystem_notify.dylib
0x00007fff62030000 	/usr/lib/system/libsystem_sandbox.dylib
0x00007fff62034000 	/usr/lib/system/libsystem_secinit.dylib
0x00007fff61e43000 	/usr/lib/system/libsystem_kernel.dylib
0x00007fff6201c000 	/usr/lib/system/libsystem_platform.dylib
0x00007fff62024000 	/usr/lib/system/libsystem_pthread.dylib
0x00007fff62036000 	/usr/lib/system/libsystem_symptoms.dylib
0x00007fff6203e000 	/usr/lib/system/libsystem_trace.dylib
0x00007fff62053000 	/usr/lib/system/libunwind.dylib
0x00007fff62059000 	/usr/lib/system/libxpc.dylib
0x00007fff5f4ee000 	/usr/lib/closure/libclosured.dylib
0x00007fff5fc3e000 	/usr/lib/libbsm.0.dylib
0x00007fff61d2d000 	/usr/lib/system/libkxld.dylib
0x00007fff5f8ec000 	/usr/lib/libOpenScriptingUtil.dylib
0x00007fff5ffad000 	/usr/lib/libcoretls.dylib
0x00007fff5ffc6000 	/usr/lib/libcoretls_cfhelpers.dylib
0x00007fff614e2000 	/usr/lib/libpam.2.dylib
0x00007fff61609000 	/usr/lib/libsqlite3.dylib
0x00007fff619d5000 	/usr/lib/libxar.1.dylib
0x00007fff5fc4f000 	/usr/lib/libbz2.1.0.dylib
0x00007fff609fe000 	/usr/lib/liblzma.5.dylib
0x00007fff60edf000 	/usr/lib/libnetwork.dylib
0x00007fff5fabd000 	/usr/lib/libapple_nghttp2.dylib
0x00007fff614e9000 	/usr/lib/libpcap.A.dylib
0x00007fff5fb85000 	/usr/lib/libboringssl.dylib
0x00007fff61970000 	/usr/lib/libusrtcp.dylib
0x00007fff5fabc000 	/usr/lib/libapple_crypto.dylib
0x00007fff3b25f000 	/System/Library/Frameworks/CoreServices.framework/Versions/A/Frameworks/FSEvents.framework/Versions/A/FSEvents
0x00007fff3af52000 	/System/Library/Frameworks/CoreServices.framework/Versions/A/Frameworks/CarbonCore.framework/Versions/A/CarbonCore
0x00007fff3b427000 	/System/Library/Frameworks/CoreServices.framework/Versions/A/Frameworks/Metadata.framework/Versions/A/Metadata
0x00007fff3b4d8000 	/System/Library/Frameworks/CoreServices.framework/Versions/A/Frameworks/OSServices.framework/Versions/A/OSServices
0x00007fff3b539000 	/System/Library/Frameworks/CoreServices.framework/Versions/A/Frameworks/SearchKit.framework/Versions/A/SearchKit
0x00007fff3aedd000 	/System/Library/Frameworks/CoreServices.framework/Versions/A/Frameworks/AE.framework/Versions/A/AE
0x00007fff3b268000 	/System/Library/Frameworks/CoreServices.framework/Versions/A/Frameworks/LaunchServices.framework/Versions/A/LaunchServices
0x00007fff3b22a000 	/System/Library/Frameworks/CoreServices.framework/Versions/A/Frameworks/DictionaryServices.framework/Versions/A/DictionaryServices
0x00007fff3b5a8000 	/System/Library/Frameworks/CoreServices.framework/Versions/A/Frameworks/SharedFileList.framework/Versions/A/SharedFileList
0x00007fff3f767000 	/System/Library/Frameworks/NetFS.framework/Versions/A/NetFS
0x00007fff55a79000 	/System/Library/PrivateFrameworks/NetAuth.framework/Versions/A/NetAuth
0x00007fff5f385000 	/System/Library/PrivateFrameworks/login.framework/Versions/A/Frameworks/loginsupport.framework/Versions/A/loginsupport
0x00007fff5d6d7000 	/System/Library/PrivateFrameworks/TCC.framework/Versions/A/TCC
0x00007fff60adf000 	/usr/lib/libmecabra.dylib
0x00007fff381f1000 	/System/Library/Frameworks/ApplicationServices.framework/Versions/A/Frameworks/ATS.framework/Versions/A/ATS
0x00007fff3859f000 	/System/Library/Frameworks/ApplicationServices.framework/Versions/A/Frameworks/ColorSyncLegacy.framework/Versions/A/ColorSyncLegacy
0x00007fff38643000 	/System/Library/Frameworks/ApplicationServices.framework/Versions/A/Frameworks/HIServices.framework/Versions/A/HIServices
0x00007fff38696000 	/System/Library/Frameworks/ApplicationServices.framework/Versions/A/Frameworks/LangAnalysis.framework/Versions/A/LangAnalysis
0x00007fff386a5000 	/System/Library/Frameworks/ApplicationServices.framework/Versions/A/Frameworks/PrintCore.framework/Versions/A/PrintCore
0x00007fff386f2000 	/System/Library/Frameworks/ApplicationServices.framework/Versions/A/Frameworks/QD.framework/Versions/A/QD
0x00007fff3872d000 	/System/Library/Frameworks/ApplicationServices.framework/Versions/A/Frameworks/SpeechSynthesis.framework/Versions/A/SpeechSynthesis
0x00007fff39c7e000 	/System/Library/Frameworks/CoreDisplay.framework/Versions/A/CoreDisplay
0x00007fff362f2000 	/System/Library/Frameworks/Accelerate.framework/Versions/A/Frameworks/vImage.framework/Versions/A/vImage
0x00007fff3704c000 	/System/Library/Frameworks/Accelerate.framework/Versions/A/Frameworks/vecLib.framework/Versions/A/vecLib
0x00007fff36dec000 	/System/Library/Frameworks/Accelerate.framework/Versions/A/Frameworks/vecLib.framework/Versions/A/libvDSP.dylib
0x00007fff3694c000 	/System/Library/Frameworks/Accelerate.framework/Versions/A/Frameworks/vecLib.framework/Versions/A/libBNNS.dylib
0x00007fff36d51000 	/System/Library/Frameworks/Accelerate.framework/Versions/A/Frameworks/vecLib.framework/Versions/A/libQuadrature.dylib
0x00007fff36f9a000 	/System/Library/Frameworks/Accelerate.framework/Versions/A/Frameworks/vecLib.framework/Versions/A/libvMisc.dylib
0x00007fff3697b000 	/System/Library/Frameworks/Accelerate.framework/Versions/A/Frameworks/vecLib.framework/Versions/A/libLAPACK.dylib
0x00007fff367f1000 	/System/Library/Frameworks/Accelerate.framework/Versions/A/Frameworks/vecLib.framework/Versions/A/libBLAS.dylib
0x00007fff36d3b000 	/System/Library/Frameworks/Accelerate.framework/Versions/A/Frameworks/vecLib.framework/Versions/A/libLinearAlgebra.dylib
0x00007fff36d57000 	/System/Library/Frameworks/Accelerate.framework/Versions/A/Frameworks/vecLib.framework/Versions/A/libSparse.dylib
0x00007fff36dd8000 	/System/Library/Frameworks/Accelerate.framework/Versions/A/Frameworks/vecLib.framework/Versions/A/libSparseBLAS.dylib
0x00007fff528b9000 	/System/Library/PrivateFrameworks/GPUWrangler.framework/Versions/A/GPUWrangler
0x00007fff5404a000 	/System/Library/PrivateFrameworks/IOAccelerator.framework/Versions/A/IOAccelerator
0x00007fff54055000 	/System/Library/PrivateFrameworks/IOPresentment.framework/Versions/A/IOPresentment
0x00007fff4e0f4000 	/System/Library/PrivateFrameworks/DSExternalDisplay.framework/Versions/A/DSExternalDisplay
0x00007fff4376a000 	/System/Library/Frameworks/OpenGL.framework/Versions/A/Libraries/libCoreFSCache.dylib
0x00007fff3b9be000 	/System/Library/Frameworks/CoreVideo.framework/Versions/A/CoreVideo
0x00007fff53634000 	/System/Library/PrivateFrameworks/GraphVisualizer.framework/Versions/A/GraphVisualizer
0x00007fff3e768000 	/System/Library/Frameworks/MetalPerformanceShaders.framework/Versions/A/MetalPerformanceShaders
0x00007fff5f6ea000 	/usr/lib/libFosl_dynamic.dylib
0x00007fff4f1c3000 	/System/Library/PrivateFrameworks/FaceCore.framework/Versions/A/FaceCore
0x00007fff42565000 	/System/Library/Frameworks/OpenCL.framework/Versions/A/OpenCL
0x00007fff5fceb000 	/usr/lib/libcompression.dylib
0x00007fff382f0000 	/System/Library/Frameworks/ApplicationServices.framework/Versions/A/Frameworks/ATS.framework/Versions/A/Resources/libFontParser.dylib
0x00007fff38413000 	/System/Library/Frameworks/ApplicationServices.framework/Versions/A/Frameworks/ATS.framework/Versions/A/Resources/libFontRegistry.dylib
0x00007fff3c905000 	/System/Library/Frameworks/ImageIO.framework/Versions/A/Resources/libJPEG.dylib
0x00007fff3cc2e000 	/System/Library/Frameworks/ImageIO.framework/Versions/A/Resources/libTIFF.dylib
0x00007fff3cc04000 	/System/Library/Frameworks/ImageIO.framework/Versions/A/Resources/libPng.dylib
0x00007fff3c818000 	/System/Library/Frameworks/ImageIO.framework/Versions/A/Resources/libGIF.dylib
0x00007fff3c81d000 	/System/Library/Frameworks/ImageIO.framework/Versions/A/Resources/libJP2.dylib
0x00007fff3cc2b000 	/System/Library/Frameworks/ImageIO.framework/Versions/A/Resources/libRadiance.dylib
0x00007fff4a108000 	/System/Library/PrivateFrameworks/AppleJPEG.framework/Versions/A/AppleJPEG
0x00007fff3e5cf000 	/System/Library/Frameworks/MetalPerformanceShaders.framework/Frameworks/MPSCore.framework/Versions/A/MPSCore
0x00007fff3e5eb000 	/System/Library/Frameworks/MetalPerformanceShaders.framework/Frameworks/MPSImage.framework/Versions/A/MPSImage
0x00007fff3e680000 	/System/Library/Frameworks/MetalPerformanceShaders.framework/Frameworks/MPSNeuralNetwork.framework/Versions/A/MPSNeuralNetwork
0x00007fff3e65b000 	/System/Library/Frameworks/MetalPerformanceShaders.framework/Frameworks/MPSMatrix.framework/Versions/A/MPSMatrix
0x00007fff5554b000 	/System/Library/PrivateFrameworks/MetalTools.framework/Versions/A/MetalTools
0x00007fff43935000 	/System/Library/Frameworks/OpenGL.framework/Versions/A/Libraries/libGLU.dylib
0x00007fff43775000 	/System/Library/Frameworks/OpenGL.framework/Versions/A/Libraries/libGFXShared.dylib
0x00007fff4377f000 	/System/Library/Frameworks/OpenGL.framework/Versions/A/Libraries/libGL.dylib
0x00007fff4378b000 	/System/Library/Frameworks/OpenGL.framework/Versions/A/Libraries/libGLImage.dylib
0x00007fff43767000 	/System/Library/Frameworks/OpenGL.framework/Versions/A/Libraries/libCVMSPluginSupport.dylib
0x00007fff43770000 	/System/Library/Frameworks/OpenGL.framework/Versions/A/Libraries/libCoreVMClient.dylib
0x00007fff60498000 	/usr/lib/libcups.2.dylib
0x00007fff3db36000 	/System/Library/Frameworks/Kerberos.framework/Versions/A/Kerberos
0x00007fff3c2fc000 	/System/Library/Frameworks/GSS.framework/Versions/A/GSS
0x00007fff6159c000 	/usr/lib/libresolv.9.dylib
0x00007fff60696000 	/usr/lib/libiconv.2.dylib
0x00007fff536c6000 	/System/Library/PrivateFrameworks/Heimdal.framework/Versions/A/Heimdal
0x00007fff60665000 	/usr/lib/libheimdal-asn1.dylib
0x00007fff425dd000 	/System/Library/Frameworks/OpenDirectory.framework/Versions/A/OpenDirectory
0x00007fff4c41f000 	/System/Library/PrivateFrameworks/CommonAuth.framework/Versions/A/CommonAuth
0x00007fff425c0000 	/System/Library/Frameworks/OpenDirectory.framework/Versions/A/Frameworks/CFOpenDirectory.framework/Versions/A/CFOpenDirectory
0x00007fff45ef8000 	/System/Library/Frameworks/SecurityFoundation.framework/Versions/A/SecurityFoundation
0x00007fff492cc000 	/System/Library/PrivateFrameworks/APFS.framework/Versions/A/APFS
0x00007fff619d1000 	/usr/lib/libutil.dylib
0x00007fff4a18b000 	/System/Library/PrivateFrameworks/AppleSauce.framework/Versions/A/AppleSauce
0x00007fff54832000 	/System/Library/PrivateFrameworks/LinguisticData.framework/Versions/A/LinguisticData
0x00007fff60a18000 	/usr/lib/libmarisa.dylib
0x00007fff547ec000 	/System/Library/PrivateFrameworks/Lexicon.framework/Versions/A/Lexicon
0x00007fff5f615000 	/usr/lib/libChineseTokenizer.dylib
0x00007fff5fcda000 	/usr/lib/libcmph.dylib
0x00007fff546f6000 	/System/Library/PrivateFrameworks/LanguageModeling.framework/Versions/A/LanguageModeling
0x00007fff4cf3c000 	/System/Library/PrivateFrameworks/CoreEmoji.framework/Versions/A/CoreEmoji
0x00007fff45fb6000 	/System/Library/Frameworks/ServiceManagement.framework/Versions/A/ServiceManagement
0x00007fff4a9d6000 	/System/Library/PrivateFrameworks/BackgroundTaskManagement.framework/Versions/A/BackgroundTaskManagement
0x00007fff61ace000 	/usr/lib/libxslt.1.dylib
0x00007fff393b2000 	/System/Library/Frameworks/Carbon.framework/Versions/A/Frameworks/Ink.framework/Versions/A/Ink
0x00007fff5d8ec000 	/System/Library/PrivateFrameworks/TextureIO.framework/Versions/A/TextureIO
0x00007fff5faff000 	/usr/lib/libate.dylib
0x00007fff4e053000 	/System/Library/PrivateFrameworks/CrashReporterSupport.framework/Versions/A/CrashReporterSupport
0x00007fff5ac28000 	/System/Library/PrivateFrameworks/Sharing.framework/Versions/A/Sharing
0x00007fff54437000 	/System/Library/PrivateFrameworks/IconServices.framework/Versions/A/IconServices
0x00007fff4a606000 	/System/Library/PrivateFrameworks/AuthKit.framework/Versions/A/AuthKit
0x00007fff49f8b000 	/System/Library/PrivateFrameworks/Apple80211.framework/Versions/A/Apple80211
0x00007fff4de68000 	/System/Library/PrivateFrameworks/CoreUtils.framework/Versions/A/CoreUtils
0x00007fff3b9f9000 	/System/Library/Frameworks/CoreWLAN.framework/Versions/A/CoreWLAN
0x00007fff3c43e000 	/System/Library/Frameworks/IOBluetooth.framework/Versions/A/IOBluetooth
0x00007fff590ec000 	/System/Library/PrivateFrameworks/ProtocolBuffer.framework/Versions/A/ProtocolBuffer
0x00007fff55743000 	/System/Library/PrivateFrameworks/MobileKeyBag.framework/Versions/A/MobileKeyBag
0x00007fff4d6e0000 	/System/Library/PrivateFrameworks/CorePhoneNumbers.framework/Versions/A/CorePhoneNumbers
0x00007fff4a0c3000 	/System/Library/PrivateFrameworks/AppleIDAuthSupport.framework/Versions/A/AppleIDAuthSupport
0x00007fff546e2000 	/System/Library/PrivateFrameworks/KeychainCircle.framework/Versions/A/KeychainCircle
0x00007fff4dfee000 	/System/Library/PrivateFrameworks/CoreWiFi.framework/Versions/A/CoreWiFi
0x00007fff398fd000 	/System/Library/Frameworks/CoreBluetooth.framework/Versions/A/CoreBluetooth
0x00007fff4e23e000 	/System/Library/PrivateFrameworks/DebugSymbols.framework/Versions/A/DebugSymbols
0x00007fff4dc1e000 	/System/Library/PrivateFrameworks/CoreSymbolication.framework/Versions/A/CoreSymbolication
0x00007fff5d0de000 	/System/Library/PrivateFrameworks/Symbolication.framework/Versions/A/Symbolication
0x00007fff49fb5000 	/System/Library/PrivateFrameworks/AppleFSCompression.framework/Versions/A/AppleFSCompression
0x00007fff5c52b000 	/System/Library/PrivateFrameworks/SpeechRecognitionCore.framework/Versions/A/SpeechRecognitionCore
0x000000010d200000 	/Library/Java/JavaVirtualMachines/jdk1.8.0_201.jdk/Contents/Home/jre/lib/server/libjvm.dylib
0x00007fff6189e000 	/usr/lib/libstdc++.6.0.9.dylib
0x000000010c8fa000 	/Library/Java/JavaVirtualMachines/jdk1.8.0_201.jdk/Contents/Home/jre/lib/libverify.dylib
0x000000010c908000 	/Library/Java/JavaVirtualMachines/jdk1.8.0_201.jdk/Contents/Home/jre/lib/libjava.dylib
0x000000010c988000 	/Library/Java/JavaVirtualMachines/jdk1.8.0_201.jdk/Contents/Home/jre/lib/libzip.dylib
0x0000000124593000 	/Library/Java/JavaVirtualMachines/jdk1.8.0_201.jdk/Contents/Home/jre/lib/libnet.dylib
0x00000001247ae000 	/Library/Java/JavaVirtualMachines/jdk1.8.0_201.jdk/Contents/Home/jre/lib/libmanagement.dylib
0x0000000123fe3000 	/Library/Java/JavaVirtualMachines/jdk1.8.0_201.jdk/Contents/Home/jre/lib/libosx.dylib
0x0000000123ff1000 	/Library/Java/JavaVirtualMachines/jdk1.8.0_201.jdk/Contents/Home/jre/lib/./libosxapp.dylib
0x00007fff3db1f000 	/System/Library/Frameworks/JavaVM.framework/Versions/A/Frameworks/JavaNativeFoundation.framework/Versions/A/JavaNativeFoundation
0x00007fff3db28000 	/System/Library/Frameworks/JavaVM.framework/Versions/A/Frameworks/JavaRuntimeSupport.framework/Versions/A/JavaRuntimeSupport
0x00007fff3909d000 	/System/Library/Frameworks/Carbon.framework/Versions/A/Carbon
0x00007fff3be9e000 	/System/Library/Frameworks/ExceptionHandling.framework/Versions/A/ExceptionHandling
0x00007fff3909e000 	/System/Library/Frameworks/Carbon.framework/Versions/A/Frameworks/CommonPanels.framework/Versions/A/CommonPanels
0x00007fff393a8000 	/System/Library/Frameworks/Carbon.framework/Versions/A/Frameworks/Help.framework/Versions/A/Help
0x00007fff393ac000 	/System/Library/Frameworks/Carbon.framework/Versions/A/Frameworks/ImageCapture.framework/Versions/A/ImageCapture
0x00007fff39448000 	/System/Library/Frameworks/Carbon.framework/Versions/A/Frameworks/OpenScripting.framework/Versions/A/OpenScripting
0x00007fff39483000 	/System/Library/Frameworks/Carbon.framework/Versions/A/Frameworks/Print.framework/Versions/A/Print
0x00007fff39485000 	/System/Library/Frameworks/Carbon.framework/Versions/A/Frameworks/SecurityHI.framework/Versions/A/SecurityHI
0x00007fff3db31000 	/System/Library/Frameworks/JavaVM.framework/Versions/A/JavaVM
0x00007fff545f8000 	/System/Library/PrivateFrameworks/JavaLaunching.framework/Versions/A/JavaLaunching
0x000000012400d000 	/Library/Java/JavaVirtualMachines/jdk1.8.0_201.jdk/Contents/Home/jre/lib/libjaas_unix.dylib
0x0000000124010000 	/Library/Java/JavaVirtualMachines/jdk1.8.0_201.jdk/Contents/Home/jre/lib/libnio.dylib
0x0000000123f0f000 	/private/var/folders/2m/qkxwf7dn759cy0l9tl_b0z180000gp/T/liblz4-java107441918423193347.dylib

VM Arguments:
jvm_args: -Xmx1g 
java_command: org.apache.spark.deploy.SparkSubmit --name PySparkShell pyspark-shell
java_class_path (initial): /usr/local/spark-2.4.5/conf/:/usr/local/spark-2.4.5/jars/breeze-macros_2.11-0.13.2.jar:/usr/local/spark-2.4.5/jars/spark-hive-thriftserver_2.11-2.4.5.jar:/usr/local/spark-2.4.5/jars/hadoop-yarn-client-2.7.3.jar:/usr/local/spark-2.4.5/jars/stream-2.7.0.jar:/usr/local/spark-2.4.5/jars/calcite-core-1.2.0-incubating.jar:/usr/local/spark-2.4.5/jars/orc-core-1.5.5-nohive.jar:/usr/local/spark-2.4.5/jars/machinist_2.11-0.6.1.jar:/usr/local/spark-2.4.5/jars/jersey-media-jaxb-2.22.2.jar:/usr/local/spark-2.4.5/jars/jackson-module-jaxb-annotations-2.6.7.jar:/usr/local/spark-2.4.5/jars/minlog-1.3.0.jar:/usr/local/spark-2.4.5/jars/hadoop-auth-2.7.3.jar:/usr/local/spark-2.4.5/jars/jersey-client-2.22.2.jar:/usr/local/spark-2.4.5/jars/xz-1.5.jar:/usr/local/spark-2.4.5/jars/javolution-5.5.1.jar:/usr/local/spark-2.4.5/jars/jta-1.1.jar:/usr/local/spark-2.4.5/jars/pyrolite-4.13.jar:/usr/local/spark-2.4.5/jars/jsr305-1.3.9.jar:/usr/local/spark-2.4.5/jars/spark-streaming_2.11-2.4.5.jar:/usr/local/spark-2.4.5/jars/aopalliance-1.0.jar:/usr/local/spark-2.4.5/jars/commons-configuration-1.6.jar:/usr/local/spark-2.4.5/jars/guice-servlet-3.0.jar:/usr/local/spark-2.4.5/jars/hadoop-yarn-server-common-2.7.3.jar:/usr/local/spark-2.4.5/jars/parquet-hadoop-bundle-1.6.0.jar:/usr/local/spark-2.4.5/jars/httpcore-4.4.10.jar:/usr/local/spark-2.4.5/jars/hadoop-hdfs-2.7.3.jar:/usr/local/spark-2.4.5/jars/okhttp-3.12.0.jar:/usr/local/spark-2.4.5/jars/objenesis-2.5.1.jar:/usr/local/spark-2.4.5/jars/commons-httpclient-3.1.jar:/usr/local/spark-2.4.5/jars/stax-api-1.0-2.jar:/usr/local/spark-2.4.5/jars/hadoop-mapreduce-client-jobclient-2.7.3.jar:/usr/local/spark-2.4.5/jars/hk2-api-2.4.0-b34.jar:/usr/local/spark-2.4.5/jars/hadoop-annotations-2.7.3.jar:/usr/local/spark-2.4.5/jars/apacheds-i18n-2.0.0-M15.jar:/usr/local/spark-2.4.5/jars/janino-3.0.9.jar:/usr/local/spark-2.4.5/jars/jtransforms-2.4.0.jar:/usr/local/spark-2.4.5/jars/snappy-0.2.jar:/usr/local/spark-2.4.5/jars/jodd-core-3.5.2.ja
Launcher Type: SUN_STANDARD

Environment Variables:
PATH=/Users/sumitagrawal/.sdkman/candidates/gradle/current/bin:/Library/Frameworks/Python.framework/Versions/3.7/bin:/usr/local/bin:/usr/bin:/bin:/usr/sbin:/sbin:/Users/sumitagrawal/OpenSource/SoftwareAndSetup/apache-maven-3.6.0/bin:/usr/local/Cellar/protobuf@2.5/2.5.0/bin:/usr/local/hadoop-2.7.3/bin:/usr/local/apache-hive-2.3.6/bin
SHELL=/bin/bash

Signal Handlers:
SIGSEGV: [libjvm.dylib+0x5b723d], sa_mask[0]=11111111011111110111111111111111, sa_flags=SA_ONSTACK|SA_RESTART|SA_SIGINFO
SIGBUS: [libjvm.dylib+0x5b723d], sa_mask[0]=11111111011111110111111111111111, sa_flags=SA_RESTART|SA_SIGINFO
SIGFPE: [libjvm.dylib+0x48c9bc], sa_mask[0]=11111111011111110111111111111111, sa_flags=SA_RESTART|SA_SIGINFO
SIGPIPE: [libjvm.dylib+0x48c9bc], sa_mask[0]=11111111011111110111111111111111, sa_flags=SA_RESTART|SA_SIGINFO
SIGXFSZ: [libjvm.dylib+0x48c9bc], sa_mask[0]=11111111011111110111111111111111, sa_flags=SA_RESTART|SA_SIGINFO
SIGILL: [libjvm.dylib+0x48c9bc], sa_mask[0]=11111111011111110111111111111111, sa_flags=SA_RESTART|SA_SIGINFO
SIGUSR1: SIG_DFL, sa_mask[0]=00000000000000000000000000000000, sa_flags=none
SIGUSR2: [libjvm.dylib+0x48c4da], sa_mask[0]=00000000000000000000000000000000, sa_flags=SA_RESTART|SA_SIGINFO
SIGHUP: [libjvm.dylib+0x48aa65], sa_mask[0]=11111111011111110111111111111111, sa_flags=SA_RESTART|SA_SIGINFO
SIGINT: SIG_IGN, sa_mask[0]=00000000000000000000000000000000, sa_flags=none
SIGTERM: [libjvm.dylib+0x48aa65], sa_mask[0]=11111111011111110111111111111111, sa_flags=SA_RESTART|SA_SIGINFO
SIGQUIT: [libjvm.dylib+0x48aa65], sa_mask[0]=11111111011111110111111111111111, sa_flags=SA_RESTART|SA_SIGINFO


---------------  S Y S T E M  ---------------

OS:Bsduname:Darwin 17.7.0 Darwin Kernel Version 17.7.0: Wed Apr 24 21:17:24 PDT 2019; root:xnu-4570.71.45~1/RELEASE_X86_64 x86_64
rlimit: STACK 8192k, CORE 0k, NPROC 709, NOFILE 10240, AS infinity
load average:1.49 1.83 1.94

CPU:total 4 (initial active 4) (2 cores per cpu, 2 threads per core) family 6 model 61 stepping 4, cmov, cx8, fxsr, mmx, sse, sse2, sse3, ssse3, sse4.1, sse4.2, popcnt, avx, avx2, aes, clmul, erms, rtm, 3dnowpref, lzcnt, ht, tsc, tscinvbit, bmi1, bmi2, adx

Memory: 4k page, physical 8388608k(30000k free)

/proc/meminfo:


vm_info: Java HotSpot(TM) 64-Bit Server VM (25.201-b09) for bsd-amd64 JRE (1.8.0_201-b09), built on Dec 15 2018 18:35:23 by "java_re" with gcc 4.2.1 (Based on Apple Inc. build 5658) (LLVM build 2336.11.00)

time: Tue Apr 28 17:51:59 2020
timezone: IST
elapsed time: 5686 seconds (0d 1h 34m 46s)

